<?xml version="1.0" encoding="UTF-8"?><testrun name="TestRunnerClass" project="cucumberTraining" tests="1" started="1" failures="0" errors="2" ignored="0">
  <testsuite name="testRunner.TestRunnerClass" time="0.071">
    <testsuite name="Google Search" time="0.071">
      <testcase name="Search feature of google using POM" classname="Google Search" time="0.071">
        <error>io.cucumber.junit.UndefinedStepException: The step 'pom user is on google page' and 3 other step(s) are undefined.
You can implement these steps using the snippet(s) below:

@Given("pom user is on google page")
public void pom_user_is_on_google_page() {
    // Write code here that turns the phrase above into concrete actions
    throw new io.cucumber.java.PendingException();
}
@When("google app display autosuggestions")
public void google_app_display_autosuggestions() {
    // Write code here that turns the phrase above into concrete actions
    throw new io.cucumber.java.PendingException();
}
@When("pom user print all the suggestions")
public void pom_user_print_all_the_suggestions() {
    // Write code here that turns the phrase above into concrete actions
    throw new io.cucumber.java.PendingException();
}
@When("pom user close the browser")
public void pom_user_close_the_browser() {
    // Write code here that turns the phrase above into concrete actions
    throw new io.cucumber.java.PendingException();
}
&#13;
&#13;
java.lang.NullPointerException&#13;
	at stepdefinition.AutoSuggestions.afterScenario(AutoSuggestions.java:30)&#13;
&#13;
</error>
      </testcase>
    </testsuite>
  </testsuite>
</testrun>
