<?xml version="1.0" encoding="UTF-8"?>
<!-- Generated by org.testng.reporters.JUnitXMLReporter -->
<testsuite hostname="LAPTOP-U21G5LB7" ignored="0" name="Test" tests="6" failures="0" timestamp="2021-01-08T11:00:16 IST" time="0.085" errors="0">
  <testcase name="testCase1" time="0.017" classname="com.testcases.Test2"/>
  <testcase name="testCase2" time="0.001" classname="com.testcases.Test2"/>
  <testcase name="testCase3" time="0.002" classname="com.testcases.Test2"/>
  <testcase name="testCase1" time="0.001" classname="com.testcases.Test1"/>
  <testcase name="testCase2" time="0.002" classname="com.testcases.Test1"/>
  <testcase name="testCase3" time="0.003" classname="com.testcases.Test1"/>
</testsuite> <!-- Test -->
