<?xml version="1.0" encoding="UTF-8"?>
<!-- Generated by org.testng.reporters.JUnitXMLReporter -->
<testsuite hostname="LAPTOP-U21G5LB7" ignored="0" name="Default test" tests="3" failures="0" timestamp="2021-01-08T09:37:33 IST" time="0.12" errors="0">
  <testcase name="testCase1" time="0.02" classname="com.testCases.Test1"/>
  <testcase name="testCase2" time="0.001" classname="com.testCases.Test1"/>
  <testcase name="testCase3" time="0.001" classname="com.testCases.Test1"/>
</testsuite> <!-- Default test -->
