<?xml version="1.0" encoding="UTF-8"?>
<testng-results skipped="0" failed="0" ignored="0" total="3" passed="3">
  <reporter-output>
  </reporter-output>
  <suite name="Default suite" duration-ms="120" started-at="2021-01-08T09:37:33 IST" finished-at="2021-01-08T09:37:33 IST">
    <groups>
    </groups>
    <test name="Default test" duration-ms="120" started-at="2021-01-08T09:37:33 IST" finished-at="2021-01-08T09:37:33 IST">
      <class name="com.testCases.Test1">
        <test-method status="PASS" signature="testCase1()[pri:0, instance:com.testCases.Test1@5f9d02cb]" name="testCase1" duration-ms="20" started-at="2021-01-08T09:37:33 IST" finished-at="2021-01-08T09:37:33 IST">
          <reporter-output>
          </reporter-output>
        </test-method> <!-- testCase1 -->
        <test-method status="PASS" signature="testCase2()[pri:0, instance:com.testCases.Test1@5f9d02cb]" name="testCase2" duration-ms="1" started-at="2021-01-08T09:37:33 IST" finished-at="2021-01-08T09:37:33 IST">
          <reporter-output>
          </reporter-output>
        </test-method> <!-- testCase2 -->
        <test-method status="PASS" signature="testCase3()[pri:0, instance:com.testCases.Test1@5f9d02cb]" name="testCase3" duration-ms="1" started-at="2021-01-08T09:37:33 IST" finished-at="2021-01-08T09:37:33 IST">
          <reporter-output>
          </reporter-output>
        </test-method> <!-- testCase3 -->
      </class> <!-- com.testCases.Test1 -->
    </test> <!-- Default test -->
  </suite> <!-- Default suite -->
</testng-results>
