<?xml version="1.0" encoding="UTF-8"?>
<testng-results skipped="0" failed="0" ignored="0" total="3" passed="3">
  <reporter-output>
  </reporter-output>
  <suite name="Suite" duration-ms="58" started-at="2021-01-08T11:52:42 IST" finished-at="2021-01-08T11:52:42 IST">
    <groups>
    </groups>
    <test name="Test" duration-ms="58" started-at="2021-01-08T11:52:42 IST" finished-at="2021-01-08T11:52:42 IST">
      <class name="com.testcases.Test1">
        <test-method status="PASS" signature="testCase1()[pri:0, instance:com.testcases.Test1@224edc67]" name="testCase1" duration-ms="5" started-at="2021-01-08T11:52:42 IST" finished-at="2021-01-08T11:52:42 IST">
          <reporter-output>
          </reporter-output>
        </test-method> <!-- testCase1 -->
        <test-method status="PASS" signature="testCase2()[pri:0, instance:com.testcases.Test1@224edc67]" name="testCase2" duration-ms="0" started-at="2021-01-08T11:52:42 IST" finished-at="2021-01-08T11:52:42 IST">
          <reporter-output>
          </reporter-output>
        </test-method> <!-- testCase2 -->
        <test-method status="PASS" signature="testCase3()[pri:0, instance:com.testcases.Test1@224edc67]" name="testCase3" duration-ms="0" started-at="2021-01-08T11:52:42 IST" finished-at="2021-01-08T11:52:42 IST">
          <reporter-output>
          </reporter-output>
        </test-method> <!-- testCase3 -->
      </class> <!-- com.testcases.Test1 -->
    </test> <!-- Test -->
  </suite> <!-- Suite -->
</testng-results>
