<?xml version="1.0" encoding="UTF-8"?>
<testng-results skipped="0" failed="0" ignored="0" total="1" passed="1">
  <reporter-output>
  </reporter-output>
  <suite name="Suite" duration-ms="8412" started-at="2020-12-22T21:01:08 IST" finished-at="2020-12-22T21:01:17 IST">
    <groups>
    </groups>
    <test name="Test" duration-ms="8412" started-at="2020-12-22T21:01:08 IST" finished-at="2020-12-22T21:01:17 IST">
      <class name="test.LoginToRediff">
        <test-method status="PASS" signature="login()[pri:0, instance:test.LoginToRediff@7b49cea0]" name="login" duration-ms="8379" started-at="2020-12-22T21:01:08 IST" finished-at="2020-12-22T21:01:17 IST">
          <reporter-output>
          </reporter-output>
        </test-method> <!-- login -->
      </class> <!-- test.LoginToRediff -->
    </test> <!-- Test -->
  </suite> <!-- Suite -->
</testng-results>
