<?xml version="1.0" encoding="UTF-8"?>
<!-- Generated by org.testng.reporters.JUnitXMLReporter -->
<testsuite hostname="LAPTOP-U21G5LB7" ignored="0" name="Test" tests="6" failures="0" timestamp="2020-12-16T15:23:14 IST" time="0.143" errors="0">
  <testcase name="browserAutomation" time="0.078" classname="amitdtestproject.SeleniumTest"/>
  <testcase name="elements" time="0.003" classname="amitdtestproject.SeleniumTest"/>
  <testcase name="iosApp" time="0.001" classname="amitdtestproject.AppiumTest"/>
  <testcase name="nativeAppAndroid" time="0.001" classname="amitdtestproject.AppiumTest"/>
  <testcase name="addTwitter" time="0.001" classname="amitdtestproject.RESTAPITest"/>
  <testcase name="deleteFB" time="0.001" classname="amitdtestproject.RESTAPITest"/>
</testsuite> <!-- Test -->
